# JRE version: OpenJDK Runtime Environment (8.0_191-b12) (build 1.8.0_191-8u191-b12-2ubuntu0.18.04.1-b12)
# Java VM: OpenJDK 64-Bit Server VM (25.191-b12 mixed mode linux-amd64 compressed oops)
Heap:
 PSYoungGen      total 291840K, used 88514K [0x00000000eab00000, 0x0000000100000000, 0x0000000100000000)
  eden space 234496K, 31% used [0x00000000eab00000,0x00000000ef421050,0x00000000f9000000)
  from space 57344K, 23% used [0x00000000f9000000,0x00000000f9d4f980,0x00000000fc800000)
  to   space 55296K, 0% used [0x00000000fca00000,0x00000000fca00000,0x0000000100000000)
 ParOldGen       total 699392K, used 100238K [0x00000000c0000000, 0x00000000eab00000, 0x00000000eab00000)
  object space 699392K, 14% used [0x00000000c0000000,0x00000000c61e3a70,0x00000000eab00000)
 Metaspace       used 159814K, capacity 177945K, committed 178048K, reserved 1204224K
  class space    used 22026K, capacity 23122K, committed 23208K, reserved 1048576K
GC Heap History (10 events):
Event: 362.749 GC heap before
{Heap before GC invocations=25 (full 8):
 PSYoungGen      total 293888K, used 139245K [0x00000000eab00000, 0x0000000100000000, 0x0000000100000000)
  eden space 237056K, 47% used [0x00000000eab00000,0x00000000f17ea640,0x00000000f9280000)
  from space 56832K, 48% used [0x00000000fc880000,0x00000000fe390e00,0x0000000100000000)
  to   space 55296K, 0% used [0x00000000f9280000,0x00000000f9280000,0x00000000fc880000)
 ParOldGen       total 699392K, used 81373K [0x00000000c0000000, 0x00000000eab00000, 0x00000000eab00000)
  object space 699392K, 11% used [0x00000000c0000000,0x00000000c4f776d0,0x00000000eab00000)
 Metaspace       used 153902K, capacity 171907K, committed 172032K, reserved 1200128K
  class space    used 21133K, capacity 22222K, committed 22312K, reserved 1048576K
Event: 362.871 GC heap after
Heap after GC invocations=25 (full 8):
 PSYoungGen      total 292352K, used 34321K [0x00000000eab00000, 0x0000000100000000, 0x0000000100000000)
  eden space 237056K, 0% used [0x00000000eab00000,0x00000000eab00000,0x00000000f9280000)
  from space 55296K, 62% used [0x00000000f9280000,0x00000000fb4044b8,0x00000000fc880000)
  to   space 56320K, 0% used [0x00000000fc900000,0x00000000fc900000,0x0000000100000000)
 ParOldGen       total 699392K, used 81381K [0x00000000c0000000, 0x00000000eab00000, 0x00000000eab00000)
  object space 699392K, 11% used [0x00000000c0000000,0x00000000c4f796d0,0x00000000eab00000)
 Metaspace       used 153902K, capacity 171907K, committed 172032K, reserved 1200128K
  class space    used 21133K, capacity 22222K, committed 22312K, reserved 1048576K
}
Event: 362.871 GC heap before
{Heap before GC invocations=26 (full 9):
 PSYoungGen      total 292352K, used 34321K [0x00000000eab00000, 0x0000000100000000, 0x0000000100000000)
  eden space 237056K, 0% used [0x00000000eab00000,0x00000000eab00000,0x00000000f9280000)
  from space 55296K, 62% used [0x00000000f9280000,0x00000000fb4044b8,0x00000000fc880000)
  to   space 56320K, 0% used [0x00000000fc900000,0x00000000fc900000,0x0000000100000000)
 ParOldGen       total 699392K, used 81381K [0x00000000c0000000, 0x00000000eab00000, 0x00000000eab00000)
  object space 699392K, 11% used [0x00000000c0000000,0x00000000c4f796d0,0x00000000eab00000)
 Metaspace       used 153902K, capacity 171907K, committed 172032K, reserved 1200128K
  class space    used 21133K, capacity 22222K, committed 22312K, reserved 1048576K
Event: 364.119 GC heap after
Heap after GC invocations=26 (full 9):
 PSYoungGen      total 292352K, used 0K [0x00000000eab00000, 0x0000000100000000, 0x0000000100000000)
  eden space 237056K, 0% used [0x00000000eab00000,0x00000000eab00000,0x00000000f9280000)
  from space 55296K, 0% used [0x00000000f9280000,0x00000000f9280000,0x00000000fc880000)
  to   space 56320K, 0% used [0x00000000fc900000,0x00000000fc900000,0x0000000100000000)
 ParOldGen       total 699392K, used 104181K [0x00000000c0000000, 0x00000000eab00000, 0x00000000eab00000)
  object space 699392K, 14% used [0x00000000c0000000,0x00000000c65bd6a8,0x00000000eab00000)
 Metaspace       used 144538K, capacity 162325K, committed 172032K, reserved 1200128K
  class space    used 19762K, capacity 20823K, committed 22312K, reserved 1048576K
}
Event: 364.185 GC heap before
{Heap before GC invocations=27 (full 9):
 PSYoungGen      total 292352K, used 1950K [0x00000000eab00000, 0x0000000100000000, 0x0000000100000000)
  eden space 237056K, 0% used [0x00000000eab00000,0x00000000eace7be0,0x00000000f9280000)
  from space 55296K, 0% used [0x00000000f9280000,0x00000000f9280000,0x00000000fc880000)
  to   space 56320K, 0% used [0x00000000fc900000,0x00000000fc900000,0x0000000100000000)
 ParOldGen       total 699392K, used 104181K [0x00000000c0000000, 0x00000000eab00000, 0x00000000eab00000)
  object space 699392K, 14% used [0x00000000c0000000,0x00000000c65bd6a8,0x00000000eab00000)
 Metaspace       used 144539K, capacity 162325K, committed 172032K, reserved 1200128K
  class space    used 19762K, capacity 20823K, committed 22312K, reserved 1048576K
Event: 364.210 GC heap after
Heap after GC invocations=27 (full 9):
 PSYoungGen      total 290816K, used 64K [0x00000000eab00000, 0x0000000100000000, 0x0000000100000000)
  eden space 234496K, 0% used [0x00000000eab00000,0x00000000eab00000,0x00000000f9000000)
  from space 56320K, 0% used [0x00000000fc900000,0x00000000fc910000,0x0000000100000000)
  to   space 57344K, 0% used [0x00000000f9000000,0x00000000f9000000,0x00000000fc800000)
 ParOldGen       total 699392K, used 104181K [0x00000000c0000000, 0x00000000eab00000, 0x00000000eab00000)
  object space 699392K, 14% used [0x00000000c0000000,0x00000000c65bd6a8,0x00000000eab00000)
 Metaspace       used 144539K, capacity 162325K, committed 172032K, reserved 1200128K
  class space    used 19762K, capacity 20823K, committed 22312K, reserved 1048576K
}
Event: 364.210 GC heap before
{Heap before GC invocations=28 (full 10):
 PSYoungGen      total 290816K, used 64K [0x00000000eab00000, 0x0000000100000000, 0x0000000100000000)
  eden space 234496K, 0% used [0x00000000eab00000,0x00000000eab00000,0x00000000f9000000)
  from space 56320K, 0% used [0x00000000fc900000,0x00000000fc910000,0x0000000100000000)
  to   space 57344K, 0% used [0x00000000f9000000,0x00000000f9000000,0x00000000fc800000)
 ParOldGen       total 699392K, used 104181K [0x00000000c0000000, 0x00000000eab00000, 0x00000000eab00000)
  object space 699392K, 14% used [0x00000000c0000000,0x00000000c65bd6a8,0x00000000eab00000)
 Metaspace       used 144539K, capacity 162325K, committed 172032K, reserved 1200128K
  class space    used 19762K, capacity 20823K, committed 22312K, reserved 1048576K
Event: 365.149 GC heap after
Heap after GC invocations=28 (full 10):
 PSYoungGen      total 290816K, used 0K [0x00000000eab00000, 0x0000000100000000, 0x0000000100000000)
  eden space 234496K, 0% used [0x00000000eab00000,0x00000000eab00000,0x00000000f9000000)
  from space 56320K, 0% used [0x00000000fc900000,0x00000000fc900000,0x0000000100000000)
  to   space 57344K, 0% used [0x00000000f9000000,0x00000000f9000000,0x00000000fc800000)
 ParOldGen       total 699392K, used 100230K [0x00000000c0000000, 0x00000000eab00000, 0x00000000eab00000)
  object space 699392K, 14% used [0x00000000c0000000,0x00000000c61e1a70,0x00000000eab00000)
 Metaspace       used 144539K, capacity 162325K, committed 172032K, reserved 1200128K
  class space    used 19762K, capacity 20823K, committed 22312K, reserved 1048576K
}
Event: 368.186 GC heap before
{Heap before GC invocations=29 (full 10):
 PSYoungGen      total 290816K, used 234496K [0x00000000eab00000, 0x0000000100000000, 0x0000000100000000)
  eden space 234496K, 100% used [0x00000000eab00000,0x00000000f9000000,0x00000000f9000000)
  from space 56320K, 0% used [0x00000000fc900000,0x00000000fc900000,0x0000000100000000)
  to   space 57344K, 0% used [0x00000000f9000000,0x00000000f9000000,0x00000000fc800000)
 ParOldGen       total 699392K, used 100230K [0x00000000c0000000, 0x00000000eab00000, 0x00000000eab00000)
  object space 699392K, 14% used [0x00000000c0000000,0x00000000c61e1a70,0x00000000eab00000)
 Metaspace       used 147557K, capacity 165507K, committed 172032K, reserved 1200128K
  class space    used 20077K, capacity 21147K, committed 22312K, reserved 1048576K
Event: 368.253 GC heap after
Heap after GC invocations=29 (full 10):
 PSYoungGen      total 291840K, used 13630K [0x00000000eab00000, 0x0000000100000000, 0x0000000100000000)
  eden space 234496K, 0% used [0x00000000eab00000,0x00000000eab00000,0x00000000f9000000)
  from space 57344K, 23% used [0x00000000f9000000,0x00000000f9d4f980,0x00000000fc800000)
  to   space 55296K, 0% used [0x00000000fca00000,0x00000000fca00000,0x0000000100000000)
 ParOldGen       total 699392K, used 100238K [0x00000000c0000000, 0x00000000eab00000, 0x00000000eab00000)
  object space 699392K, 14% used [0x00000000c0000000,0x00000000c61e3a70,0x00000000eab00000)
 Metaspace       used 147557K, capacity 165507K, committed 172032K, reserved 1200128K
  class space    used 20077K, capacity 21147K, committed 22312K, reserved 1048576K
}

