# JRE version: OpenJDK Runtime Environment (8.0_191-b12) (build 1.8.0_191-8u191-b12-2ubuntu0.18.04.1-b12)
# Java VM: OpenJDK 64-Bit Server VM (25.191-b12 mixed mode linux-amd64 compressed oops)
Heap:
 PSYoungGen      total 257024K, used 716K [0x00000000eab00000, 0x0000000100000000, 0x0000000100000000)
  eden space 194560K, 0% used [0x00000000eab00000,0x00000000eabb3308,0x00000000f6900000)
  from space 62464K, 0% used [0x00000000f6900000,0x00000000f6900000,0x00000000fa600000)
  to   space 83968K, 0% used [0x00000000fae00000,0x00000000fae00000,0x0000000100000000)
 ParOldGen       total 699392K, used 114647K [0x00000000c0000000, 0x00000000eab00000, 0x00000000eab00000)
  object space 699392K, 16% used [0x00000000c0000000,0x00000000c6ff5cf8,0x00000000eab00000)
 Metaspace       used 152990K, capacity 171234K, committed 175472K, reserved 1202176K
  class space    used 20458K, capacity 21457K, committed 22184K, reserved 1048576K
GC Heap History (10 events):
Event: 39.973 GC heap before
{Heap before GC invocations=16 (full 6):
 PSYoungGen      total 267264K, used 41980K [0x00000000eab00000, 0x0000000100000000, 0x0000000100000000)
  eden space 225280K, 0% used [0x00000000eab00000,0x00000000eab00000,0x00000000f8700000)
  from space 41984K, 99% used [0x00000000fd700000,0x00000000fffff308,0x0000000100000000)
  to   space 61952K, 0% used [0x00000000f8700000,0x00000000f8700000,0x00000000fc380000)
 ParOldGen       total 699392K, used 65299K [0x00000000c0000000, 0x00000000eab00000, 0x00000000eab00000)
  object space 699392K, 9% used [0x00000000c0000000,0x00000000c3fc4d60,0x00000000eab00000)
 Metaspace       used 106412K, capacity 119429K, committed 119536K, reserved 1153024K
  class space    used 15048K, capacity 15861K, committed 15912K, reserved 1048576K
Event: 40.366 GC heap after
Heap after GC invocations=16 (full 6):
 PSYoungGen      total 267264K, used 0K [0x00000000eab00000, 0x0000000100000000, 0x0000000100000000)
  eden space 225280K, 0% used [0x00000000eab00000,0x00000000eab00000,0x00000000f8700000)
  from space 41984K, 0% used [0x00000000fd700000,0x00000000fd700000,0x0000000100000000)
  to   space 61952K, 0% used [0x00000000f8700000,0x00000000f8700000,0x00000000fc380000)
 ParOldGen       total 699392K, used 78406K [0x00000000c0000000, 0x00000000eab00000, 0x00000000eab00000)
  object space 699392K, 11% used [0x00000000c0000000,0x00000000c4c91888,0x00000000eab00000)
 Metaspace       used 106409K, capacity 119423K, committed 119536K, reserved 1153024K
  class space    used 15047K, capacity 15859K, committed 15912K, reserved 1048576K
}
Event: 54.938 GC heap before
{Heap before GC invocations=17 (full 6):
 PSYoungGen      total 267264K, used 225280K [0x00000000eab00000, 0x0000000100000000, 0x0000000100000000)
  eden space 225280K, 100% used [0x00000000eab00000,0x00000000f8700000,0x00000000f8700000)
  from space 41984K, 0% used [0x00000000fd700000,0x00000000fd700000,0x0000000100000000)
  to   space 61952K, 0% used [0x00000000f8700000,0x00000000f8700000,0x00000000fc380000)
 ParOldGen       total 699392K, used 78406K [0x00000000c0000000, 0x00000000eab00000, 0x00000000eab00000)
  object space 699392K, 11% used [0x00000000c0000000,0x00000000c4c91888,0x00000000eab00000)
 Metaspace       used 133961K, capacity 149244K, committed 149360K, reserved 1179648K
  class space    used 18631K, capacity 19512K, committed 19624K, reserved 1048576K
Event: 55.052 GC heap after
Heap after GC invocations=17 (full 6):
 PSYoungGen      total 281600K, used 56178K [0x00000000eab00000, 0x0000000100000000, 0x0000000100000000)
  eden space 225280K, 0% used [0x00000000eab00000,0x00000000eab00000,0x00000000f8700000)
  from space 56320K, 99% used [0x00000000f8700000,0x00000000fbddcb68,0x00000000fbe00000)
  to   space 67584K, 0% used [0x00000000fbe00000,0x00000000fbe00000,0x0000000100000000)
 ParOldGen       total 699392K, used 78406K [0x00000000c0000000, 0x00000000eab00000, 0x00000000eab00000)
  object space 699392K, 11% used [0x00000000c0000000,0x00000000c4c91888,0x00000000eab00000)
 Metaspace       used 133961K, capacity 149244K, committed 149360K, reserved 1179648K
  class space    used 18631K, capacity 19512K, committed 19624K, reserved 1048576K
}
Event: 72.328 GC heap before
{Heap before GC invocations=18 (full 6):
 PSYoungGen      total 281600K, used 281458K [0x00000000eab00000, 0x0000000100000000, 0x0000000100000000)
  eden space 225280K, 100% used [0x00000000eab00000,0x00000000f8700000,0x00000000f8700000)
  from space 56320K, 99% used [0x00000000f8700000,0x00000000fbddcb68,0x00000000fbe00000)
  to   space 67584K, 0% used [0x00000000fbe00000,0x00000000fbe00000,0x0000000100000000)
 ParOldGen       total 699392K, used 78406K [0x00000000c0000000, 0x00000000eab00000, 0x00000000eab00000)
  object space 699392K, 11% used [0x00000000c0000000,0x00000000c4c91888,0x00000000eab00000)
 Metaspace       used 152077K, capacity 169772K, committed 169840K, reserved 1198080K
  class space    used 20642K, capacity 21664K, committed 21672K, reserved 1048576K
Event: 72.505 GC heap after
Heap after GC invocations=18 (full 6):
 PSYoungGen      total 262144K, used 62327K [0x00000000eab00000, 0x0000000100000000, 0x0000000100000000)
  eden space 194560K, 0% used [0x00000000eab00000,0x00000000eab00000,0x00000000f6900000)
  from space 67584K, 92% used [0x00000000fbe00000,0x00000000ffaddcc8,0x0000000100000000)
  to   space 77312K, 0% used [0x00000000f6900000,0x00000000f6900000,0x00000000fb480000)
 ParOldGen       total 699392K, used 78414K [0x00000000c0000000, 0x00000000eab00000, 0x00000000eab00000)
  object space 699392K, 11% used [0x00000000c0000000,0x00000000c4c93888,0x00000000eab00000)
 Metaspace       used 152077K, capacity 169772K, committed 169840K, reserved 1198080K
  class space    used 20642K, capacity 21664K, committed 21672K, reserved 1048576K
}
Event: 77.049 GC heap before
{Heap before GC invocations=19 (full 6):
 PSYoungGen      total 262144K, used 141157K [0x00000000eab00000, 0x0000000100000000, 0x0000000100000000)
  eden space 194560K, 40% used [0x00000000eab00000,0x00000000ef7fb860,0x00000000f6900000)
  from space 67584K, 92% used [0x00000000fbe00000,0x00000000ffaddcc8,0x0000000100000000)
  to   space 77312K, 0% used [0x00000000f6900000,0x00000000f6900000,0x00000000fb480000)
 ParOldGen       total 699392K, used 78414K [0x00000000c0000000, 0x00000000eab00000, 0x00000000eab00000)
  object space 699392K, 11% used [0x00000000c0000000,0x00000000c4c93888,0x00000000eab00000)
 Metaspace       used 157038K, capacity 175370K, committed 175472K, reserved 1202176K
  class space    used 21117K, capacity 22120K, committed 22184K, reserved 1048576K
Event: 77.357 GC heap after
Heap after GC invocations=19 (full 6):
 PSYoungGen      total 257024K, used 62132K [0x00000000eab00000, 0x0000000100000000, 0x0000000100000000)
  eden space 194560K, 0% used [0x00000000eab00000,0x00000000eab00000,0x00000000f6900000)
  from space 62464K, 99% used [0x00000000f6900000,0x00000000fa5ad1c0,0x00000000fa600000)
  to   space 83968K, 0% used [0x00000000fae00000,0x00000000fae00000,0x0000000100000000)
 ParOldGen       total 699392K, used 78414K [0x00000000c0000000, 0x00000000eab00000, 0x00000000eab00000)
  object space 699392K, 11% used [0x00000000c0000000,0x00000000c4c93888,0x00000000eab00000)
 Metaspace       used 157038K, capacity 175370K, committed 175472K, reserved 1202176K
  class space    used 21117K, capacity 22120K, committed 22184K, reserved 1048576K
}
Event: 77.359 GC heap before
{Heap before GC invocations=20 (full 7):
 PSYoungGen      total 257024K, used 62132K [0x00000000eab00000, 0x0000000100000000, 0x0000000100000000)
  eden space 194560K, 0% used [0x00000000eab00000,0x00000000eab00000,0x00000000f6900000)
  from space 62464K, 99% used [0x00000000f6900000,0x00000000fa5ad1c0,0x00000000fa600000)
  to   space 83968K, 0% used [0x00000000fae00000,0x00000000fae00000,0x0000000100000000)
 ParOldGen       total 699392K, used 78414K [0x00000000c0000000, 0x00000000eab00000, 0x00000000eab00000)
  object space 699392K, 11% used [0x00000000c0000000,0x00000000c4c93888,0x00000000eab00000)
 Metaspace       used 157038K, capacity 175370K, committed 175472K, reserved 1202176K
  class space    used 21117K, capacity 22120K, committed 22184K, reserved 1048576K
Event: 79.415 GC heap after
Heap after GC invocations=20 (full 7):
 PSYoungGen      total 257024K, used 0K [0x00000000eab00000, 0x0000000100000000, 0x0000000100000000)
  eden space 194560K, 0% used [0x00000000eab00000,0x00000000eab00000,0x00000000f6900000)
  from space 62464K, 0% used [0x00000000f6900000,0x00000000f6900000,0x00000000fa600000)
  to   space 83968K, 0% used [0x00000000fae00000,0x00000000fae00000,0x0000000100000000)
 ParOldGen       total 699392K, used 114647K [0x00000000c0000000, 0x00000000eab00000, 0x00000000eab00000)
  object space 699392K, 16% used [0x00000000c0000000,0x00000000c6ff5cf8,0x00000000eab00000)
 Metaspace       used 152990K, capacity 171234K, committed 175472K, reserved 1202176K
  class space    used 20458K, capacity 21457K, committed 22184K, reserved 1048576K
}

